<?xml version="1.0" encoding="UTF-8"?>
<!-- Generated by org.testng.reporters.JUnitReportReporter -->
<testsuite hostname="Saran" failures="0" tests="1" name="test.RegistrationTest" time="8.535" errors="0" timestamp="2025-10-17T12:16:50 IST" skipped="0">
  <testcase classname="test.RegistrationTest" name="testSmartDataRegistration" time="8.535"/>
</testsuite> <!-- test.RegistrationTest -->
